<?xml version="1.0" encoding="UTF-8"?>
<testsuite xmlns:xsi="http://www.w3.org/2001/XMLSchema-instance" xsi:noNamespaceSchemaLocation="https://maven.apache.org/surefire/maven-surefire-plugin/xsd/surefire-test-report.xsd" name="tests.ScooterApiTests" time="67.144" tests="7" errors="0" skipped="0" failures="2">
  <properties>
[...]
</properties>
  <testcase name="loginWithoutRequiredFieldsFails" classname="tests.ScooterApiTests" time="60.602">
    <failure message="expected:&lt;400&gt; but was:&lt;504&gt;" type="java.lang.AssertionError"><![CDATA[java.lang.AssertionError: expected:<400> but was:<504>
	at tests.ScooterApiTests.loginWithoutRequiredFieldsFails(ScooterApiTests.java:113)
]]></failure>
  </testcase>
  <testcase name="getOrdersListReturnsNonEmptyArray" classname="tests.ScooterApiTests" time="2.16"/>
  <testcase name="createDuplicateCourierFails" classname="tests.ScooterApiTests" time="0.694">
    <failure message="expected:&lt;...гин уже используется[]&gt; but was:&lt;...гин уже используется[. Попробуйте другой.]&gt;" type="org.junit.ComparisonFailure"><![CDATA[org.junit.ComparisonFailure: expected:<...гин уже используется[]> but was:<...гин уже используется[. Попробуйте другой.]>
	at tests.ScooterApiTests.createDuplicateCourierFails(ScooterApiTests.java:53)
]]></failure>
  </testcase>
  <testcase name="loginWithWrongCredentialsFails" classname="tests.ScooterApiTests" time="1.238"/>
  <testcase name="loginCourierSuccess" classname="tests.ScooterApiTests" time="0.94"/>
  <testcase name="createCourierSuccess" classname="tests.ScooterApiTests" time="0.969"/>
  <testcase name="createCourierWithoutRequiredFieldsFails" classname="tests.ScooterApiTests" time="0.524"/>
</testsuite>